INFO: [VRFC 10-2263] Analyzing Verilog file "C:/Users/jwolf/OneDrive/Documents/GitHub/ECE562_Project/risc-v-main/vivado/cmod_artix7-15t/RISC-V.sim/sim_1/impl/func/xsim/system_tb_func_impl.v" into library xil_defaultlib
INFO: [VRFC 10-311] analyzing module dbg_hub
INFO: [VRFC 10-311] analyzing module dbg_hub_clk_x_pntrs
INFO: [VRFC 10-311] analyzing module dbg_hub_clk_x_pntrs_7
INFO: [VRFC 10-311] analyzing module dbg_hub_dmem
INFO: [VRFC 10-311] analyzing module dbg_hub_dmem_13
INFO: [VRFC 10-311] analyzing module dbg_hub_fifo_generator_ramfifo
INFO: [VRFC 10-311] analyzing module dbg_hub_fifo_generator_ramfifo__parameterized0
INFO: [VRFC 10-311] analyzing module dbg_hub_fifo_generator_top
INFO: [VRFC 10-311] analyzing module dbg_hub_fifo_generator_top__parameterized0
INFO: [VRFC 10-311] analyzing module dbg_hub_fifo_generator_v13_1_4
INFO: [VRFC 10-311] analyzing module dbg_hub_fifo_generator_v13_1_4__parameterized0
INFO: [VRFC 10-311] analyzing module dbg_hub_fifo_generator_v13_1_4_synth
INFO: [VRFC 10-311] analyzing module dbg_hub_fifo_generator_v13_1_4_synth__parameterized0
INFO: [VRFC 10-311] analyzing module dbg_hub_ltlib_v1_0_0_bscan
INFO: [VRFC 10-311] analyzing module dbg_hub_memory
INFO: [VRFC 10-311] analyzing module dbg_hub_memory__parameterized0
INFO: [VRFC 10-311] analyzing module dbg_hub_rd_bin_cntr
INFO: [VRFC 10-311] analyzing module dbg_hub_rd_bin_cntr_18
INFO: [VRFC 10-311] analyzing module dbg_hub_rd_fwft
INFO: [VRFC 10-311] analyzing module dbg_hub_rd_handshaking_flags
INFO: [VRFC 10-311] analyzing module dbg_hub_rd_handshaking_flags__parameterized0
INFO: [VRFC 10-311] analyzing module dbg_hub_rd_logic
INFO: [VRFC 10-311] analyzing module dbg_hub_rd_logic__parameterized0
INFO: [VRFC 10-311] analyzing module dbg_hub_rd_status_flags_as
INFO: [VRFC 10-311] analyzing module dbg_hub_rd_status_flags_as_17
INFO: [VRFC 10-311] analyzing module dbg_hub_reset_blk_ramfifo
INFO: [VRFC 10-311] analyzing module dbg_hub_reset_blk_ramfifo_8
INFO: [VRFC 10-311] analyzing module dbg_hub_synchronizer_ff
INFO: [VRFC 10-311] analyzing module dbg_hub_synchronizer_ff_1
INFO: [VRFC 10-311] analyzing module dbg_hub_synchronizer_ff_10
INFO: [VRFC 10-311] analyzing module dbg_hub_synchronizer_ff_11
INFO: [VRFC 10-311] analyzing module dbg_hub_synchronizer_ff_12
INFO: [VRFC 10-311] analyzing module dbg_hub_synchronizer_ff_2
INFO: [VRFC 10-311] analyzing module dbg_hub_synchronizer_ff_3
INFO: [VRFC 10-311] analyzing module dbg_hub_synchronizer_ff_9
INFO: [VRFC 10-311] analyzing module dbg_hub_synchronizer_ff__parameterized0
INFO: [VRFC 10-311] analyzing module dbg_hub_synchronizer_ff__parameterized0_19
INFO: [VRFC 10-311] analyzing module dbg_hub_synchronizer_ff__parameterized0_20
INFO: [VRFC 10-311] analyzing module dbg_hub_synchronizer_ff__parameterized0_21
INFO: [VRFC 10-311] analyzing module dbg_hub_synchronizer_ff__parameterized0_22
INFO: [VRFC 10-311] analyzing module dbg_hub_synchronizer_ff__parameterized0_4
INFO: [VRFC 10-311] analyzing module dbg_hub_synchronizer_ff__parameterized0_5
INFO: [VRFC 10-311] analyzing module dbg_hub_synchronizer_ff__parameterized0_6
INFO: [VRFC 10-311] analyzing module dbg_hub_wr_bin_cntr
INFO: [VRFC 10-311] analyzing module dbg_hub_wr_bin_cntr_16
INFO: [VRFC 10-311] analyzing module dbg_hub_wr_handshaking_flags
INFO: [VRFC 10-311] analyzing module dbg_hub_wr_handshaking_flags_15
INFO: [VRFC 10-311] analyzing module dbg_hub_wr_logic
INFO: [VRFC 10-311] analyzing module dbg_hub_wr_logic__parameterized0
INFO: [VRFC 10-311] analyzing module dbg_hub_wr_status_flags_as
INFO: [VRFC 10-311] analyzing module dbg_hub_wr_status_flags_as_14
INFO: [VRFC 10-311] analyzing module dbg_hub_xsdbm_v3_0_0_addr_ctl
INFO: [VRFC 10-311] analyzing module dbg_hub_xsdbm_v3_0_0_bscan_switch
INFO: [VRFC 10-311] analyzing module dbg_hub_xsdbm_v3_0_0_burst_wdlen_ctl
INFO: [VRFC 10-311] analyzing module dbg_hub_xsdbm_v3_0_0_bus_ctl
INFO: [VRFC 10-311] analyzing module dbg_hub_xsdbm_v3_0_0_bus_ctl_cnt
INFO: [VRFC 10-311] analyzing module dbg_hub_xsdbm_v3_0_0_bus_ctl_flg
INFO: [VRFC 10-311] analyzing module dbg_hub_xsdbm_v3_0_0_bus_ctl_flg__parameterized0
INFO: [VRFC 10-311] analyzing module dbg_hub_xsdbm_v3_0_0_bus_mstr2sl_if
INFO: [VRFC 10-311] analyzing module dbg_hub_xsdbm_v3_0_0_cmd_decode
INFO: [VRFC 10-311] analyzing module dbg_hub_xsdbm_v3_0_0_ctl_reg
INFO: [VRFC 10-311] analyzing module dbg_hub_xsdbm_v3_0_0_ctl_reg__parameterized0
INFO: [VRFC 10-311] analyzing module dbg_hub_xsdbm_v3_0_0_ctl_reg__parameterized1
INFO: [VRFC 10-311] analyzing module dbg_hub_xsdbm_v3_0_0_ctl_reg__parameterized2
INFO: [VRFC 10-311] analyzing module dbg_hub_xsdbm_v3_0_0_icon
INFO: [VRFC 10-311] analyzing module dbg_hub_xsdbm_v3_0_0_icon2xsdb
INFO: [VRFC 10-311] analyzing module dbg_hub_xsdbm_v3_0_0_if
INFO: [VRFC 10-311] analyzing module dbg_hub_xsdbm_v3_0_0_if_static_status
INFO: [VRFC 10-311] analyzing module dbg_hub_xsdbm_v3_0_0_rdfifo
INFO: [VRFC 10-311] analyzing module dbg_hub_xsdbm_v3_0_0_rdreg
INFO: [VRFC 10-311] analyzing module dbg_hub_xsdbm_v3_0_0_stat
INFO: [VRFC 10-311] analyzing module dbg_hub_xsdbm_v3_0_0_stat_reg
INFO: [VRFC 10-311] analyzing module dbg_hub_xsdbm_v3_0_0_stat_reg__parameterized0
INFO: [VRFC 10-311] analyzing module dbg_hub_xsdbm_v3_0_0_stat_reg__parameterized0_0
INFO: [VRFC 10-311] analyzing module dbg_hub_xsdbm_v3_0_0_sync
INFO: [VRFC 10-311] analyzing module dbg_hub_xsdbm_v3_0_0_wrfifo
INFO: [VRFC 10-311] analyzing module dbg_hub_xsdbm_v3_0_0_wrreg
INFO: [VRFC 10-311] analyzing module dbg_hub_xsdbm_v3_0_0_xsdbm
INFO: [VRFC 10-311] analyzing module dbg_hub_xsdbm_v3_0_0_xsdbm_id
INFO: [VRFC 10-311] analyzing module ila_0
INFO: [VRFC 10-311] analyzing module picorv32
INFO: [VRFC 10-311] analyzing module picorv32_pcpi_div
INFO: [VRFC 10-311] analyzing module picorv32_pcpi_fast_mul
INFO: [VRFC 10-311] analyzing module system
INFO: [VRFC 10-311] analyzing module ila_0_ila_v6_2_11_ila
INFO: [VRFC 10-311] analyzing module ila_0_ila_v6_2_11_ila_cap_addrgen
INFO: [VRFC 10-311] analyzing module ila_0_ila_v6_2_11_ila_cap_ctrl_legacy
INFO: [VRFC 10-311] analyzing module ila_0_ila_v6_2_11_ila_cap_sample_counter
INFO: [VRFC 10-311] analyzing module ila_0_ila_v6_2_11_ila_cap_window_counter
INFO: [VRFC 10-311] analyzing module ila_0_ila_v6_2_11_ila_core
INFO: [VRFC 10-311] analyzing module ila_0_ila_v6_2_11_ila_register
INFO: [VRFC 10-311] analyzing module ila_0_ila_v6_2_11_ila_reset_ctrl
INFO: [VRFC 10-311] analyzing module ila_0_ila_v6_2_11_ila_trace_memory
INFO: [VRFC 10-311] analyzing module ila_0_ila_v6_2_11_ila_trig_match
INFO: [VRFC 10-311] analyzing module ila_0_ila_v6_2_11_ila_trigger
INFO: [VRFC 10-311] analyzing module ila_0_ltlib_v1_0_0_all_typeA
INFO: [VRFC 10-311] analyzing module ila_0_ltlib_v1_0_0_all_typeA_12
INFO: [VRFC 10-311] analyzing module ila_0_ltlib_v1_0_0_all_typeA_14
INFO: [VRFC 10-311] analyzing module ila_0_ltlib_v1_0_0_all_typeA_17
INFO: [VRFC 10-311] analyzing module ila_0_ltlib_v1_0_0_all_typeA_19
INFO: [VRFC 10-311] analyzing module ila_0_ltlib_v1_0_0_all_typeA_22
INFO: [VRFC 10-311] analyzing module ila_0_ltlib_v1_0_0_all_typeA_6
INFO: [VRFC 10-311] analyzing module ila_0_ltlib_v1_0_0_all_typeA_9
INFO: [VRFC 10-311] analyzing module ila_0_ltlib_v1_0_0_all_typeA__parameterized0
INFO: [VRFC 10-311] analyzing module ila_0_ltlib_v1_0_0_all_typeA__parameterized0_49
INFO: [VRFC 10-311] analyzing module ila_0_ltlib_v1_0_0_all_typeA__parameterized0_57
INFO: [VRFC 10-311] analyzing module ila_0_ltlib_v1_0_0_all_typeA_slice
INFO: [VRFC 10-311] analyzing module ila_0_ltlib_v1_0_0_all_typeA_slice_10
INFO: [VRFC 10-311] analyzing module ila_0_ltlib_v1_0_0_all_typeA_slice_13
INFO: [VRFC 10-311] analyzing module ila_0_ltlib_v1_0_0_all_typeA_slice_15
INFO: [VRFC 10-311] analyzing module ila_0_ltlib_v1_0_0_all_typeA_slice_18
INFO: [VRFC 10-311] analyzing module ila_0_ltlib_v1_0_0_all_typeA_slice_20
INFO: [VRFC 10-311] analyzing module ila_0_ltlib_v1_0_0_all_typeA_slice_23
INFO: [VRFC 10-311] analyzing module ila_0_ltlib_v1_0_0_all_typeA_slice_7
INFO: [VRFC 10-311] analyzing module ila_0_ltlib_v1_0_0_all_typeA_slice__parameterized0
INFO: [VRFC 10-311] analyzing module ila_0_ltlib_v1_0_0_all_typeA_slice__parameterized0_50
INFO: [VRFC 10-311] analyzing module ila_0_ltlib_v1_0_0_all_typeA_slice__parameterized0_58
INFO: [VRFC 10-311] analyzing module ila_0_ltlib_v1_0_0_all_typeA_slice__parameterized1
INFO: [VRFC 10-311] analyzing module ila_0_ltlib_v1_0_0_all_typeA_slice__parameterized1_51
INFO: [VRFC 10-311] analyzing module ila_0_ltlib_v1_0_0_all_typeA_slice__parameterized1_59
INFO: [VRFC 10-311] analyzing module ila_0_ltlib_v1_0_0_allx_typeA
INFO: [VRFC 10-311] analyzing module ila_0_ltlib_v1_0_0_allx_typeA_21
INFO: [VRFC 10-311] analyzing module ila_0_ltlib_v1_0_0_allx_typeA__parameterized0
INFO: [VRFC 10-311] analyzing module ila_0_ltlib_v1_0_0_allx_typeA__parameterized0_16
INFO: [VRFC 10-311] analyzing module ila_0_ltlib_v1_0_0_allx_typeA__parameterized1
INFO: [VRFC 10-311] analyzing module ila_0_ltlib_v1_0_0_allx_typeA__parameterized1_11
INFO: [VRFC 10-311] analyzing module ila_0_ltlib_v1_0_0_allx_typeA__parameterized1_5
INFO: [VRFC 10-311] analyzing module ila_0_ltlib_v1_0_0_allx_typeA__parameterized1_8
INFO: [VRFC 10-311] analyzing module ila_0_ltlib_v1_0_0_allx_typeA_nodelay
INFO: [VRFC 10-311] analyzing module ila_0_ltlib_v1_0_0_allx_typeA_nodelay_48
INFO: [VRFC 10-311] analyzing module ila_0_ltlib_v1_0_0_allx_typeA_nodelay_56
INFO: [VRFC 10-311] analyzing module ila_0_ltlib_v1_0_0_async_edge_xfer
INFO: [VRFC 10-311] analyzing module ila_0_ltlib_v1_0_0_async_edge_xfer_24
INFO: [VRFC 10-311] analyzing module ila_0_ltlib_v1_0_0_async_edge_xfer_25
INFO: [VRFC 10-311] analyzing module ila_0_ltlib_v1_0_0_async_edge_xfer_26
INFO: [VRFC 10-311] analyzing module ila_0_ltlib_v1_0_0_cfglut4
INFO: [VRFC 10-311] analyzing module ila_0_ltlib_v1_0_0_cfglut4_52
INFO: [VRFC 10-311] analyzing module ila_0_ltlib_v1_0_0_cfglut5
INFO: [VRFC 10-311] analyzing module ila_0_ltlib_v1_0_0_cfglut5_46
INFO: [VRFC 10-311] analyzing module ila_0_ltlib_v1_0_0_cfglut5_53
INFO: [VRFC 10-311] analyzing module ila_0_ltlib_v1_0_0_cfglut6
INFO: [VRFC 10-311] analyzing module ila_0_ltlib_v1_0_0_cfglut6_54
INFO: [VRFC 10-311] analyzing module ila_0_ltlib_v1_0_0_cfglut6__parameterized0
INFO: [VRFC 10-311] analyzing module ila_0_ltlib_v1_0_0_cfglut7
INFO: [VRFC 10-311] analyzing module ila_0_ltlib_v1_0_0_cfglut7_45
INFO: [VRFC 10-311] analyzing module ila_0_ltlib_v1_0_0_generic_memrd
INFO: [VRFC 10-311] analyzing module ila_0_ltlib_v1_0_0_match
INFO: [VRFC 10-311] analyzing module ila_0_ltlib_v1_0_0_match_0
INFO: [VRFC 10-311] analyzing module ila_0_ltlib_v1_0_0_match__parameterized0
INFO: [VRFC 10-311] analyzing module ila_0_ltlib_v1_0_0_match__parameterized0_1
INFO: [VRFC 10-311] analyzing module ila_0_ltlib_v1_0_0_match__parameterized1
INFO: [VRFC 10-311] analyzing module ila_0_ltlib_v1_0_0_match__parameterized1_2
INFO: [VRFC 10-311] analyzing module ila_0_ltlib_v1_0_0_match__parameterized1_3
INFO: [VRFC 10-311] analyzing module ila_0_ltlib_v1_0_0_match__parameterized1_4
INFO: [VRFC 10-311] analyzing module ila_0_ltlib_v1_0_0_match_nodelay
INFO: [VRFC 10-311] analyzing module ila_0_ltlib_v1_0_0_match_nodelay_47
INFO: [VRFC 10-311] analyzing module ila_0_ltlib_v1_0_0_match_nodelay_55
INFO: [VRFC 10-311] analyzing module ila_0_ltlib_v1_0_0_rising_edge_detection
INFO: [VRFC 10-311] analyzing module ila_0_ltlib_v1_0_0_rising_edge_detection_27
INFO: [VRFC 10-311] analyzing module ila_0_xsdbs_v1_0_2_reg__parameterized18
INFO: [VRFC 10-311] analyzing module ila_0_xsdbs_v1_0_2_reg__parameterized19
INFO: [VRFC 10-311] analyzing module ila_0_xsdbs_v1_0_2_reg__parameterized20
INFO: [VRFC 10-311] analyzing module ila_0_xsdbs_v1_0_2_reg__parameterized21
INFO: [VRFC 10-311] analyzing module ila_0_xsdbs_v1_0_2_reg__parameterized33
INFO: [VRFC 10-311] analyzing module ila_0_xsdbs_v1_0_2_reg__parameterized34
INFO: [VRFC 10-311] analyzing module ila_0_xsdbs_v1_0_2_reg__parameterized35
INFO: [VRFC 10-311] analyzing module ila_0_xsdbs_v1_0_2_reg__parameterized36
INFO: [VRFC 10-311] analyzing module ila_0_xsdbs_v1_0_2_reg__parameterized37
INFO: [VRFC 10-311] analyzing module ila_0_xsdbs_v1_0_2_reg__parameterized38
INFO: [VRFC 10-311] analyzing module ila_0_xsdbs_v1_0_2_reg__parameterized39
INFO: [VRFC 10-311] analyzing module ila_0_xsdbs_v1_0_2_reg__parameterized40
INFO: [VRFC 10-311] analyzing module ila_0_xsdbs_v1_0_2_reg__parameterized41
INFO: [VRFC 10-311] analyzing module ila_0_xsdbs_v1_0_2_reg__parameterized42
INFO: [VRFC 10-311] analyzing module ila_0_xsdbs_v1_0_2_reg__parameterized43
INFO: [VRFC 10-311] analyzing module ila_0_xsdbs_v1_0_2_reg__parameterized44
INFO: [VRFC 10-311] analyzing module ila_0_xsdbs_v1_0_2_reg__parameterized46
INFO: [VRFC 10-311] analyzing module ila_0_xsdbs_v1_0_2_reg__parameterized48
INFO: [VRFC 10-311] analyzing module ila_0_xsdbs_v1_0_2_reg__parameterized51
INFO: [VRFC 10-311] analyzing module ila_0_xsdbs_v1_0_2_reg_ctl
INFO: [VRFC 10-311] analyzing module ila_0_xsdbs_v1_0_2_reg_ctl_31
INFO: [VRFC 10-311] analyzing module ila_0_xsdbs_v1_0_2_reg_ctl_32
INFO: [VRFC 10-311] analyzing module ila_0_xsdbs_v1_0_2_reg_ctl_33
INFO: [VRFC 10-311] analyzing module ila_0_xsdbs_v1_0_2_reg_ctl_34
INFO: [VRFC 10-311] analyzing module ila_0_xsdbs_v1_0_2_reg_ctl_37
INFO: [VRFC 10-311] analyzing module ila_0_xsdbs_v1_0_2_reg_ctl_39
INFO: [VRFC 10-311] analyzing module ila_0_xsdbs_v1_0_2_reg_ctl_40
INFO: [VRFC 10-311] analyzing module ila_0_xsdbs_v1_0_2_reg_ctl_41
INFO: [VRFC 10-311] analyzing module ila_0_xsdbs_v1_0_2_reg_ctl_42
INFO: [VRFC 10-311] analyzing module ila_0_xsdbs_v1_0_2_reg_ctl_43
INFO: [VRFC 10-311] analyzing module ila_0_xsdbs_v1_0_2_reg_ctl__parameterized0
INFO: [VRFC 10-311] analyzing module ila_0_xsdbs_v1_0_2_reg_ctl__parameterized1
INFO: [VRFC 10-311] analyzing module ila_0_xsdbs_v1_0_2_reg_ctl__parameterized1_35
INFO: [VRFC 10-311] analyzing module ila_0_xsdbs_v1_0_2_reg_ctl__parameterized1_38
INFO: [VRFC 10-311] analyzing module ila_0_xsdbs_v1_0_2_reg_p2s
INFO: [VRFC 10-311] analyzing module ila_0_xsdbs_v1_0_2_reg_p2s__parameterized0
INFO: [VRFC 10-311] analyzing module ila_0_xsdbs_v1_0_2_reg_p2s__parameterized1
INFO: [VRFC 10-311] analyzing module ila_0_xsdbs_v1_0_2_reg_p2s__parameterized2
INFO: [VRFC 10-311] analyzing module ila_0_xsdbs_v1_0_2_reg_p2s__parameterized3
INFO: [VRFC 10-311] analyzing module ila_0_xsdbs_v1_0_2_reg_p2s__parameterized4
INFO: [VRFC 10-311] analyzing module ila_0_xsdbs_v1_0_2_reg_p2s__parameterized5
INFO: [VRFC 10-311] analyzing module ila_0_xsdbs_v1_0_2_reg_p2s__parameterized6
INFO: [VRFC 10-311] analyzing module ila_0_xsdbs_v1_0_2_reg_p2s__parameterized7
INFO: [VRFC 10-311] analyzing module ila_0_xsdbs_v1_0_2_reg_stat
INFO: [VRFC 10-311] analyzing module ila_0_xsdbs_v1_0_2_reg_stat_28
INFO: [VRFC 10-311] analyzing module ila_0_xsdbs_v1_0_2_reg_stat_29
INFO: [VRFC 10-311] analyzing module ila_0_xsdbs_v1_0_2_reg_stat_30
INFO: [VRFC 10-311] analyzing module ila_0_xsdbs_v1_0_2_reg_stat_36
INFO: [VRFC 10-311] analyzing module ila_0_xsdbs_v1_0_2_reg_stat_44
INFO: [VRFC 10-311] analyzing module ila_0_xsdbs_v1_0_2_reg_stream
INFO: [VRFC 10-311] analyzing module ila_0_xsdbs_v1_0_2_reg_stream__parameterized0
INFO: [VRFC 10-311] analyzing module ila_0_xsdbs_v1_0_2_xsdbs
INFO: [VRFC 10-311] analyzing module ila_0_blk_mem_gen_v8_4_4
INFO: [VRFC 10-311] analyzing module ila_0_blk_mem_gen_v8_4_4_blk_mem_gen_generic_cstr
INFO: [VRFC 10-311] analyzing module ila_0_blk_mem_gen_v8_4_4_blk_mem_gen_prim_width
INFO: [VRFC 10-311] analyzing module ila_0_blk_mem_gen_v8_4_4_blk_mem_gen_prim_wrapper
INFO: [VRFC 10-311] analyzing module ila_0_blk_mem_gen_v8_4_4_blk_mem_gen_top
INFO: [VRFC 10-311] analyzing module ila_0_blk_mem_gen_v8_4_4_synth
INFO: [VRFC 10-311] analyzing module glbl
INFO: [VRFC 10-2263] Analyzing Verilog file "C:/Users/jwolf/OneDrive/Documents/GitHub/ECE562_Project/risc-v-main/hdl/system_tb.v" into library xil_defaultlib
INFO: [VRFC 10-311] analyzing module system_tb
